Determining if the pthread_create exist failed with the following output:
Change Dir: /home/workspace/cl_tutorial/cl_cosh/user_ie_extensions/cpu/build/CMakeFiles/CMakeTmp

Run Build Command:"/usr/bin/make" "cmTC_5249a/fast"
/usr/bin/make -f CMakeFiles/cmTC_5249a.dir/build.make CMakeFiles/cmTC_5249a.dir/build
make[1]: Entering directory '/home/workspace/cl_tutorial/cl_cosh/user_ie_extensions/cpu/build/CMakeFiles/CMakeTmp'
Building C object CMakeFiles/cmTC_5249a.dir/CheckSymbolExists.c.o
/usr/bin/cc    -std=c++11   -o CMakeFiles/cmTC_5249a.dir/CheckSymbolExists.c.o   -c /home/workspace/cl_tutorial/cl_cosh/user_ie_extensions/cpu/build/CMakeFiles/CMakeTmp/CheckSymbolExists.c
cc1: warning: command line option ‘-std=c++11’ is valid for C++/ObjC++ but not for C
Linking C executable cmTC_5249a
/usr/bin/cmake -E cmake_link_script CMakeFiles/cmTC_5249a.dir/link.txt --verbose=1
/usr/bin/cc   -std=c++11    CMakeFiles/cmTC_5249a.dir/CheckSymbolExists.c.o  -o cmTC_5249a -rdynamic 
CMakeFiles/cmTC_5249a.dir/CheckSymbolExists.c.o: In function `main':
CheckSymbolExists.c:(.text+0x16): undefined reference to `pthread_create'
collect2: error: ld returned 1 exit status
CMakeFiles/cmTC_5249a.dir/build.make:97: recipe for target 'cmTC_5249a' failed
make[1]: *** [cmTC_5249a] Error 1
make[1]: Leaving directory '/home/workspace/cl_tutorial/cl_cosh/user_ie_extensions/cpu/build/CMakeFiles/CMakeTmp'
Makefile:126: recipe for target 'cmTC_5249a/fast' failed
make: *** [cmTC_5249a/fast] Error 2

File /home/workspace/cl_tutorial/cl_cosh/user_ie_extensions/cpu/build/CMakeFiles/CMakeTmp/CheckSymbolExists.c:
/* */
#include <pthread.h>

int main(int argc, char** argv)
{
  (void)argv;
#ifndef pthread_create
  return ((int*)(&pthread_create))[argc];
#else
  (void)argc;
  return 0;
#endif
}

Determining if the function pthread_create exists in the pthreads failed with the following output:
Change Dir: /home/workspace/cl_tutorial/cl_cosh/user_ie_extensions/cpu/build/CMakeFiles/CMakeTmp

Run Build Command:"/usr/bin/make" "cmTC_3e8e9/fast"
/usr/bin/make -f CMakeFiles/cmTC_3e8e9.dir/build.make CMakeFiles/cmTC_3e8e9.dir/build
make[1]: Entering directory '/home/workspace/cl_tutorial/cl_cosh/user_ie_extensions/cpu/build/CMakeFiles/CMakeTmp'
Building C object CMakeFiles/cmTC_3e8e9.dir/CheckFunctionExists.c.o
/usr/bin/cc    -DCHECK_FUNCTION_EXISTS=pthread_create -std=c++11   -o CMakeFiles/cmTC_3e8e9.dir/CheckFunctionExists.c.o   -c /usr/share/cmake-3.5/Modules/CheckFunctionExists.c
cc1: warning: command line option ‘-std=c++11’ is valid for C++/ObjC++ but not for C
Linking C executable cmTC_3e8e9
/usr/bin/cmake -E cmake_link_script CMakeFiles/cmTC_3e8e9.dir/link.txt --verbose=1
/usr/bin/cc   -DCHECK_FUNCTION_EXISTS=pthread_create -std=c++11    CMakeFiles/cmTC_3e8e9.dir/CheckFunctionExists.c.o  -o cmTC_3e8e9 -rdynamic -lpthreads 
/usr/bin/ld: cannot find -lpthreads
collect2: error: ld returned 1 exit status
CMakeFiles/cmTC_3e8e9.dir/build.make:97: recipe for target 'cmTC_3e8e9' failed
make[1]: *** [cmTC_3e8e9] Error 1
make[1]: Leaving directory '/home/workspace/cl_tutorial/cl_cosh/user_ie_extensions/cpu/build/CMakeFiles/CMakeTmp'
Makefile:126: recipe for target 'cmTC_3e8e9/fast' failed
make: *** [cmTC_3e8e9/fast] Error 2


